<?xml version="1.0" encoding="UTF-8"?>
<!-- Generated by org.testng.reporters.JUnitReportReporter -->
<testsuite hostname="DESKTOP-RKOMUFV" failures="0" tests="3" name="com.day10.testNGIntegration.SeleniumEasyTest" time="3.081" errors="0" timestamp="13 Aug 2021 12:41:13 GMT">
  <testcase classname="com.day10.testNGIntegration.SeleniumEasyTest" name="TC_03VerifyMultiInputField" time="0.452"/>
  <testcase classname="com.day10.testNGIntegration.SeleniumEasyTest" name="TC_02VerifySingleInputField" time="0.502"/>
  <testcase classname="com.day10.testNGIntegration.SeleniumEasyTest" name="TC_01VerifyDropdownClickOnValueAndInputDemoPageIsDisplayed" time="2.127"/>
</testsuite> <!-- com.day10.testNGIntegration.SeleniumEasyTest -->
