<?xml version="1.0" encoding="UTF-8"?>
<!-- Generated by org.testng.reporters.JUnitReportReporter -->
<testsuite hostname="DESKTOP-RKOMUFV" failures="0" tests="5" name="com.day13.invocation.com.TestInvocation" time="72.126" errors="0" timestamp="18 Aug 2021 16:32:01 GMT">
  <testcase classname="com.day13.invocation.com.TestInvocation" name="TC_01VerifyDropDown" time="19.628"/>
  <testcase classname="com.day13.invocation.com.TestInvocation" name="TC_01VerifyDropDown" time="11.477"/>
  <testcase classname="com.day13.invocation.com.TestInvocation" name="TC_01VerifyDropDown" time="10.016"/>
  <testcase classname="com.day13.invocation.com.TestInvocation" name="TC_01VerifyDropDown" time="18.330"/>
  <testcase classname="com.day13.invocation.com.TestInvocation" name="TC_01VerifyDropDown" time="12.675"/>
</testsuite> <!-- com.day13.invocation.com.TestInvocation -->
