<?xml version="1.0" encoding="UTF-8"?>
<!-- Generated by org.testng.reporters.JUnitReportReporter -->
<testsuite hostname="DESKTOP-RKOMUFV" failures="0" tests="5" name="com.day13.invocation.com.InvocationTest" time="100.131" errors="0" timestamp="19 Aug 2021 03:29:29 GMT">
  <testcase classname="com.day13.invocation.com.InvocationTest" name="TC_01VerifyDropDown" time="20.046"/>
  <testcase classname="com.day13.invocation.com.InvocationTest" name="TC_01VerifyDropDown" time="20.446"/>
  <testcase classname="com.day13.invocation.com.InvocationTest" name="TC_01VerifyDropDown" time="19.706"/>
  <testcase classname="com.day13.invocation.com.InvocationTest" name="TC_01VerifyDropDown" time="18.033"/>
  <testcase classname="com.day13.invocation.com.InvocationTest" name="TC_01VerifyDropDown" time="21.900"/>
</testsuite> <!-- com.day13.invocation.com.InvocationTest -->
