<?xml version="1.0" encoding="UTF-8"?>
<!-- Generated by org.testng.reporters.JUnitReportReporter -->
<testsuite hostname="DESKTOP-RKOMUFV" failures="0" tests="6" name="com.day12Paramiterizetion.com.TestParamiterization" time="0.045" errors="0" timestamp="20 Aug 2021 11:12:26 GMT">
  <testcase classname="com.day12Paramiterizetion.com.TestParamiterization" name="doLogIn" time="0.003"/>
  <testcase classname="com.day12Paramiterizetion.com.TestParamiterization" name="doLogIn" time="0.004"/>
  <testcase classname="com.day12Paramiterizetion.com.TestParamiterization" name="doLogIn" time="0.002"/>
  <testcase classname="com.day12Paramiterizetion.com.TestParamiterization" name="doLogIn" time="0.003"/>
  <testcase classname="com.day12Paramiterizetion.com.TestParamiterization" name="doLogIn" time="0.031"/>
  <testcase classname="com.day12Paramiterizetion.com.TestParamiterization" name="doLogIn" time="0.002"/>
</testsuite> <!-- com.day12Paramiterizetion.com.TestParamiterization -->
