<?xml version="1.0" encoding="UTF-8"?>
<!-- Generated by org.testng.reporters.JUnitReportReporter -->
<testsuite hostname="DESKTOP-RKOMUFV" failures="0" tests="3" name="com.day10.RedioButton.com.SeleniumRedioButtonTest" time="0.939" errors="0" timestamp="16 Aug 2021 07:52:50 GMT">
  <testcase classname="com.day10.RedioButton.com.SeleniumRedioButtonTest" name="TC_02VerifyRedioButtonDemoField" time="0.348"/>
  <testcase classname="com.day10.RedioButton.com.SeleniumRedioButtonTest" name="TC_01VerifyHeaderofRedioButtonDemoPage" time="0.087"/>
  <testcase classname="com.day10.RedioButton.com.SeleniumRedioButtonTest" name="TC03VerifyGroupRedioButtonDemoField" time="0.504"/>
</testsuite> <!-- com.day10.RedioButton.com.SeleniumRedioButtonTest -->
