<?xml version="1.0" encoding="UTF-8"?>
<!-- Generated by org.testng.reporters.JUnitReportReporter -->
<testsuite hostname="DESKTOP-RKOMUFV" failures="0" tests="5" name="com.day13.parallel.com.TestInvocation" time="60.817" errors="0" timestamp="18 Aug 2021 11:14:28 GMT">
  <testcase classname="com.day13.parallel.com.TestInvocation" name="webEnvirenment" time="19.421"/>
  <testcase classname="com.day13.parallel.com.TestInvocation" name="webEnvirenment" time="9.304"/>
  <testcase classname="com.day13.parallel.com.TestInvocation" name="webEnvirenment" time="10.429"/>
  <testcase classname="com.day13.parallel.com.TestInvocation" name="webEnvirenment" time="13.123"/>
  <testcase classname="com.day13.parallel.com.TestInvocation" name="webEnvirenment" time="8.540"/>
</testsuite> <!-- com.day13.parallel.com.TestInvocation -->
