<?xml version="1.0" encoding="UTF-8"?>
<!-- Generated by org.testng.reporters.JUnitReportReporter -->
<testsuite hostname="DESKTOP-RKOMUFV" failures="0" tests="3" name="com.day10.RedioButton.com.SeleniumRedioButtonTest" time="1.244" errors="0" timestamp="13 Aug 2021 12:41:13 GMT">
  <testcase classname="com.day10.RedioButton.com.SeleniumRedioButtonTest" name="TC03VerifyGroupRedioButtonDemoField" time="0.472"/>
  <testcase classname="com.day10.RedioButton.com.SeleniumRedioButtonTest" name="TC_01VerifyHeaderofRedioButtonDemoPage" time="0.081"/>
  <testcase classname="com.day10.RedioButton.com.SeleniumRedioButtonTest" name="TC_02VerifyRedioButtonDemoField" time="0.691"/>
</testsuite> <!-- com.day10.RedioButton.com.SeleniumRedioButtonTest -->
