<?xml version="1.0" encoding="UTF-8"?>
<!-- Generated by org.testng.reporters.JUnitReportReporter -->
<testsuite hostname="DESKTOP-RKOMUFV" failures="0" tests="9" name="com.day12.com.SeleniumEasyAlertTest" time="3.463" errors="0" timestamp="16 Aug 2021 07:52:50 GMT">
  <testcase classname="com.day12.com.SeleniumEasyAlertTest" name="TC_01verifyDropdownClickValueAndPageIsDesplayed" time="1.863"/>
  <testcase classname="com.day12.com.SeleniumEasyAlertTest" name="TC_05ClickButtonAndVerifyAlertTextNormalWarning" time="0.257"/>
  <testcase classname="com.day12.com.SeleniumEasyAlertTest" name="TC_04ClickButtonAndVerifyAlertTextAutoCloseWarning" time="0.241"/>
  <testcase classname="com.day12.com.SeleniumEasyAlertTest" name="TC_07ClickButtonAndVerifyAlertTextNormalDenger" time="0.160"/>
  <testcase classname="com.day12.com.SeleniumEasyAlertTest" name="TC_02ClickButtonAndVerifyAlertTextAutoCloseSuccess" time="0.184"/>
  <testcase classname="com.day12.com.SeleniumEasyAlertTest" name="TC_03ClickButtonAndVerifyAlertTextNormalSuccess" time="0.149"/>
  <testcase classname="com.day12.com.SeleniumEasyAlertTest" name="TC_06ClickButtonAndVerifyAlertTextAutoCloseDenger" time="0.176"/>
  <testcase classname="com.day12.com.SeleniumEasyAlertTest" name="TC_09ClickButtonAndVerifyAlertTextNormalINFO" time="0.208"/>
  <testcase classname="com.day12.com.SeleniumEasyAlertTest" name="TC_08ClickButtonAndVerifyAlertTextAutoCloseINFO" time="0.225"/>
</testsuite> <!-- com.day12.com.SeleniumEasyAlertTest -->
