<?xml version="1.0" encoding="UTF-8"?>
<!-- Generated by org.testng.reporters.JUnitReportReporter -->
<testsuite hostname="DESKTOP-RKOMUFV" failures="0" tests="4" name="com.day11CheckBox.com.SeleniumCheckBoxTest" time="0.969" errors="0" timestamp="16 Aug 2021 07:52:50 GMT">
  <testcase classname="com.day11CheckBox.com.SeleniumCheckBoxTest" name="TC_01CheckBoxPageHeaderTextIsDisplayed" time="0.084"/>
  <testcase classname="com.day11CheckBox.com.SeleniumCheckBoxTest" name="TC_02VerifyAndClickSingleCheckBox" time="0.212"/>
  <testcase classname="com.day11CheckBox.com.SeleniumCheckBoxTest" name="TC_03verifyResultOfSingleCheckBox" time="0.050"/>
  <testcase classname="com.day11CheckBox.com.SeleniumCheckBoxTest" name="TC_04VerifyAndClickMultipleCheckBoxes" time="0.623"/>
</testsuite> <!-- com.day11CheckBox.com.SeleniumCheckBoxTest -->
